<?xml version="1.0" encoding="UTF-8"?>
<!-- Generated by org.testng.reporters.JUnitReportReporter -->
<testsuite skipped="0" hostname="Omers-MacBook-Pro.local" name="com.sample.test.demo.tests.PizzaOrderPageTest" tests="2" failures="0" timestamp="15 Feb 2021 19:19:13 GMT" time="1.011" errors="0">
  <testcase name="test1" time="0.636" classname="com.sample.test.demo.tests.PizzaOrderPageTest"/>
  <testcase name="test2" time="0.375" classname="com.sample.test.demo.tests.PizzaOrderPageTest"/>
</testsuite> <!-- com.sample.test.demo.tests.PizzaOrderPageTest -->
