<?xml version="1.0" encoding="UTF-8"?>
<!-- Generated by org.testng.reporters.JUnitReportReporter -->
<testsuite skipped="0" hostname="Omers-MacBook-Pro.local" name="com.sample.test.demo.tests.DemoTest" tests="2" failures="0" timestamp="15 Feb 2021 20:38:13 GMT" time="1.232" errors="0">
  <testcase name="test1" time="0.880" classname="com.sample.test.demo.tests.DemoTest"/>
  <testcase name="test2" time="0.352" classname="com.sample.test.demo.tests.DemoTest"/>
</testsuite> <!-- com.sample.test.demo.tests.DemoTest -->
